0 info it worked if it ends with ok
1 verbose cli [ 'C:\\Program Files\\nodejs\\node.exe',
1 verbose cli   'C:\\Program Files\\nodejs\\node_modules\\npm\\bin\\npm-cli.js',
1 verbose cli   'start' ]
2 info using npm@3.10.10
3 info using node@v6.10.1
4 verbose run-script [ 'prestart', 'start', 'poststart' ]
5 info lifecycle smogfreebike@0.0.0~prestart: smogfreebike@0.0.0
6 silly lifecycle smogfreebike@0.0.0~prestart: no script for prestart, continuing
7 info lifecycle smogfreebike@0.0.0~start: smogfreebike@0.0.0
8 verbose lifecycle smogfreebike@0.0.0~start: unsafe-perm in lifecycle true
9 verbose lifecycle smogfreebike@0.0.0~start: PATH: C:\Program Files\nodejs\node_modules\npm\bin\node-gyp-bin;D:\Mateusz\Dropbox\Studia\sem10\Zarzadzanie_Wytwarzaniem_i_Integracja_Oprogramowania\SmogFreeBike\node_modules\.bin;C:\Program Files\Microsoft MPI\Bin\;C:\MinGW\bin;C:\Users\Mateusz\AMD APP SDK\2.9-1\bin\x86_64;C:\Users\Mateusz\AMD APP SDK\2.9-1\bin\x86;C:\Program Files (x86)\AMD APP SDK\2.9-1\bin\x86_64;C:\Program Files (x86)\AMD APP SDK\2.9-1\bin\x86;C:\ProgramData\Oracle\Java\javapath;C:\WINDOWS\system32;C:\WINDOWS;C:\WINDOWS\System32\Wbem;C:\WINDOWS\System32\WindowsPowerShell\v1.0\;C:\Program Files (x86)\ATI Technologies\ATI.ACE\Core-Static;C:\Program Files\Microsoft SQL Server\130\Tools\Binn\;C:\WINDOWS\system32\config\systemprofile\.dnx\bin;C:\Program Files\Microsoft DNX\Dnvm\;C:\Program Files (x86)\Windows Kits\8.1\Windows Performance Toolkit\;C:\Program Files (x86)\Git\cmd;C:\Program Files (x86)\GitExtensions\;C:\Program Files\Microsoft SQL Server\Client SDK\ODBC\130\Tools\Binn\;C:\Program Files (x86)\Microsoft SQL Server\130\Tools\Binn\;C:\Program Files\Microsoft SQL Server\130\DTS\Binn\;C:\Program Files (x86)\Microsoft SQL Server\Client SDK\ODBC\130\Tools\Binn\;C:\Program Files (x86)\Microsoft SQL Server\130\DTS\Binn\;C:\Program Files (x86)\Microsoft SQL Server\130\Tools\Binn\ManagementStudio\;C:\Program Files\PuTTY\;C:\Program Files\nodejs\;C:\Program Files (x86)\Microsoft SQL Server\110\DTS\Binn\;C:\Program Files (x86)\Microsoft SQL Server\120\DTS\Binn\;C:\Users\Mateusz\AppData\Local\Microsoft\WindowsApps;C:\Python27\;C:\Users\Mateusz\AppData\Roaming\npm;%USERPROFILE%\AppData\Local\Microsoft\WindowsApps;
10 verbose lifecycle smogfreebike@0.0.0~start: CWD: D:\Mateusz\Dropbox\Studia\sem10\Zarzadzanie_Wytwarzaniem_i_Integracja_Oprogramowania\SmogFreeBike
11 silly lifecycle smogfreebike@0.0.0~start: Args: [ '/d /s /c', 'node ./bin/www' ]
12 silly lifecycle smogfreebike@0.0.0~start: Returned: code: 1  signal: null
13 info lifecycle smogfreebike@0.0.0~start: Failed to exec start script
14 verbose stack Error: smogfreebike@0.0.0 start: `node ./bin/www`
14 verbose stack Exit status 1
14 verbose stack     at EventEmitter.<anonymous> (C:\Program Files\nodejs\node_modules\npm\lib\utils\lifecycle.js:255:16)
14 verbose stack     at emitTwo (events.js:106:13)
14 verbose stack     at EventEmitter.emit (events.js:191:7)
14 verbose stack     at ChildProcess.<anonymous> (C:\Program Files\nodejs\node_modules\npm\lib\utils\spawn.js:40:14)
14 verbose stack     at emitTwo (events.js:106:13)
14 verbose stack     at ChildProcess.emit (events.js:191:7)
14 verbose stack     at maybeClose (internal/child_process.js:886:16)
14 verbose stack     at Process.ChildProcess._handle.onexit (internal/child_process.js:226:5)
15 verbose pkgid smogfreebike@0.0.0
16 verbose cwd D:\Mateusz\Dropbox\Studia\sem10\Zarzadzanie_Wytwarzaniem_i_Integracja_Oprogramowania\SmogFreeBike
17 error Windows_NT 10.0.15063
18 error argv "C:\\Program Files\\nodejs\\node.exe" "C:\\Program Files\\nodejs\\node_modules\\npm\\bin\\npm-cli.js" "start"
19 error node v6.10.1
20 error npm  v3.10.10
21 error code ELIFECYCLE
22 error smogfreebike@0.0.0 start: `node ./bin/www`
22 error Exit status 1
23 error Failed at the smogfreebike@0.0.0 start script 'node ./bin/www'.
23 error Make sure you have the latest version of node.js and npm installed.
23 error If you do, this is most likely a problem with the smogfreebike package,
23 error not with npm itself.
23 error Tell the author that this fails on your system:
23 error     node ./bin/www
23 error You can get information on how to open an issue for this project with:
23 error     npm bugs smogfreebike
23 error Or if that isn't available, you can get their info via:
23 error     npm owner ls smogfreebike
23 error There is likely additional logging output above.
24 verbose exit [ 1, true ]
